Levinson, Bernard
Long, Amanda
Rennolet, Charles
Watkins, John
Moser, Helen
Saldanha, Arun
Pilcher, Jeffrey
Conrad, Craig
Weisinger, Andrew
Bard, Sara
Eiffler, Edward
Sell, George
Lyubeznik, Gennady
Holtman, Sarah
Hanany, Shaul
Peifer, Rick
Bush, William
Matthes, David
Hooper, Alan
Fan, David
Dell'Orto, Giovanna
Johnson, Rania
Ocampo, Alicia
Belateche, Lydia
Mohammed, Sidow
Shores, David
Hejhal, Dennis
Mason, Michelle
Disch, Lisa
Gewirtz, Jonathon
Zhang, Yang
Clark, Rachel
Goette, Susan
Valentine, David
Lavine, Lance
Weisberg, Gabriel
Wassenberg, Deena
Littlefield, Holly
Roberts, Jeffrey
Noland, Wayland
Bilyk, Dmytro
Hoyer-Leitzel, Alanna
Csar, Alex
Miller, Alexander
Huang, Jia
Oakley, Erin
Islak, Umit
Rajamani, Rajesh
Girshick, Steven
Johnson, Tim
Jackson, Donna
Miller, John
Helmcke, William
Pai, Hsin-Yi "Cindy"
Zabala, Adriana
Marquit, Erwin
Park Nelson, Kim
Aguirre, Tlahtoki
Kimball, Lisa
Dupuis, Danielle
Nienow, Jeremy
Thompson, Robert
Bozic, Marin
Wilkins, Criag
Strothman, Susan
Hoolihan, Sam
Belgum, Rolf
Griffin, Michael
Matsumoto, Akiko
Maki, Isaka
Nakato, Hiroshi
Armitage, Ian
Charvat, Iris
Springer, Nathan
Chaplin, Jonathan
Bhattacharya, Mrinal
Madzar, Svjetlana
Kroll, Patrick
Suh, Sangwon
Rojas, Allison
Liang, Donglin
Voyles, Richard
Lilja, David
Zhang, Zhi-Li
Larson, Amy
Redish, David
Zahm, Kim
Schell, Justin
Schulte-Sasse, Jochen
Stork, Benedict
Gyenge, Andrea
Chen, Hongwei
Fedoruk, Emily
Trapp, Erin
Tedick, Diane
Stoltenberg, Jill
Bowden, Kimberly
Mathur, Rakhi
Steil, Sarah
Bye, Elizabeth
Wambach, Cathrine
Kirkpatrick, Robert
Rusack, Roger
Mermelstein, Paul
Hull, Kathleen
Deng, Mingcherng
Elmeski, Mohammed
Buchholz, Sandra
Dozier, James
Poor, Robert
Eliason, Lois
Jemmerson, Ron
Spruth, Steven
Nelson Herrera, Toni
Jensen, Steve
Diaz, Julian
Ioannou, Christos
Holte, James
Cherkassky, Vladimir
Riedel, Marc
Gunnar Carlsson, John
Curly, Shawn
Kanihan, Stacy
Kelley, Debra
Keefe, Linda
Plesser, Leslie
Zamith, Rodrigo
Cavanah, Sarah
Wade, Michael
Carroll, Christopher
Drescher, Barbara
Knudson-Vilasec, Emily
Downing, Bruce
Adi, King
Baez, Carlos
Doriott, Vanessa
Dively, Emory
Smith, Alan
Cohen, Andrew
Melin, Charlotte
McCamant, Stephen
Moen, James
Hoagland, George
Archer, John
Kotz, Liz
Peng, Yun
Stoddard, Matthew
Keaton, Trica
Snaza, Nathan
Stiffler, Brad
Darg, Jules
Schaff, Rachel
Gallope, Michael
Ward, Giles
Cociuba, Simona
Cho, Stanley
Ales, Laurence
Rothert, Jacek
Taff, Steven
Short, Jacob
Volpe, Angelo
Dhar, Barun
Mendenhall, Tai
Brady, Linda
Labidi, Imed
Wissinger, Jane
Sturtivant, Carl
Wong, Kelvin
Miracle, Chester
White, Paul
Packer, Craig
Prikry, Karel
Wright, Robin
Fattahi, Alireza
Silberman, Rob
Bar, Michael
Cassey, Andrew
Johnson, Kjel
Littman, Walter
Leopold, Doreen
Pituc, Stephanie
Lucha, Cornelia
Nydick, Steven
Burns, Rachel
Juan, Maryjoyce
Matteson, Lindsay
Levison, Deborah
Wahlstrom, Billie
Flynn, Laura
Vogt, Carl
Clarke, Duncan
Jones, Susan
Jacobs, Walt
State, Andrew
Claycomb, Nancy
Reandeau, Dawna
Vuolo, Mike
Mortimer, Jeylan
Schurman, Rachel
Aminzade, Ronald
Anderson, Josh
Bono, Joyce
Tackett, Jennifer
Hicks, Brian
Nichol, Penny
Luciana, Monica Marie
Madyun, Naim
Horvath, Barb
Tyson, Amy
Arrastia, Lisa
Eliason, Scott
Green, Kyle
Dewaard, Jack
Drake, Lindsay
Kohnert, Kathryn
Marcus, Alfred
Werry, Margaret
Longhi, Kym
Torres, Eden
Edwards, Marthanne
Ebbini, Emad
Davis, Gary
Hill, Kimberly
Firchow, Peter
Robinette, Nick
GawneMark, Chelsie
Davis, Abigail
Ross, Donald
Tinsley, Natasha
Utter, Benjamin
Tandy, Ann
Xiong, Zha
McCormick, Richard
Singh, Raj
Potraz, Wayne
Katsiaficas, Diane
Lamp, Lucy
Stenzel, Steve
Smith, Chery
Arikawa, Andrea
Oestreicher, Samantha
Chen, Yongqiang
Ewing, Maggie
Owens, Jason
Ahmed Mohammed Ismail, Harris
Gomez, Joel
Lerman, Gilad
Sakalli, Sumeyra
Saha, Raj
Yang, Tzu-Wei
Voigt, Matthew
HU, Wenqing
Stuhlsatz, Erin
Parker, Nicola
Bou-Rabee, Khalid
Gray, Nathan
Morawski, David
Bashkirov, Denis
Zhao, Yuqin
Northrop, William
Workman, Travis
Mita, Ayumi
Scarlata, Claudia
Molitor, Tom
Ward, John
McLaughlin, David
Cleary, Patrick
Digiulio, Kristin
Petersen, Harlan
Sampson, Andrea
Miller, Jeffrey
Sorensen, Peter
Dunlap, Aimee
Matsuo, Hiroshi
Koepp, Deanna
Smutka, Tanya
Potter, Lincoln
Olszewski, Neil
Powers, Jennifer
Sanderfoot, Tony
Barela, Eva
Cleek, John
Trimble, John
Quan, Jiahong
Schneller, Renana
Ahmed, Said
MacK, Sara
Lubowicz, Anna
Falla, Jeffrey
Haarklau, Evon
Stafford, Benjamin
Nentl, Nancy
Kishore, Sunil
Cui, Tony
Cussler, Edward
Holmes, Russell J
Neuhauser, Claudia
Scholtz, Kurt
Goldman, Jay
Yang, Yuhong
Cooper, William
Dutcher, Cari
Grayson, David
Garcia, Cindy
Kac, Michael
Karl, Robert
Spanos, Vassilis
Kubota, Yuichi
Frodermann, Evan
Frey, Barbara
Lavine, Howard
Hollyer, James
Lloyd, Martin
Wilkonsin, Todd
Berg, Kelly
Yussen, Steve
Thomas, Mark
Pribiag, Vlad
Smith, Trina
King, Ryan
Smidt, Esther
Schumacher, Julie
Scheil, Katherine
Mikos, Keith
Ch'Ien, Evelyn
Hutter, Liz
Kilgore, Mike
Karwan, Diana
Martinez, David
Lassig, Sara
Packingham, Ella
Estep, Jan
Lane, Thomas J.
Soderman-Olson, Marcia
Wilgren Clyne, Cheryl
Tuffery, Anais
Schaffauser, Agnes
Mamah, Abou-Bakar
Bowman, Melanie
Treece, Rick
Kinney, Larry
Arora, Sant
Mahmoodi, Bob
Scandura, Jani
Elfenbein, Andrew
Isoke, Zenzele
Moskowitz, Bruce
Shank, J.B.
Applebee, Shirley
Rider, Kathleen
Conley, John
Cohen, Anne
Bobkov, Sergey
Aristoff, David
Alaniz, Karin
Mans, Jeremy
Sikkink, Kathryn
Jacobs, Larry
Oberg, Chuck
Dahlberg, Dan
Ingraham, Stacy
Barbieri, Monica
Guo, Yujin
Owens, Joseph
Kelliher, Dan
Soper, Paul
Peterson, Gail
Fayon, Annia
Blocker, Jane
Whitman, Andrew
Fogg, Monica
Escure, Genevieve
Edwards, Larry
Richardson, Tiffany
Schwartzbauer, Thomas
Anderson, Greg
Goren, Paul
Beaumont, Elizabeth
Neubarth, Brad
Song, Hoon
Sheets, George
Melin, Leeann
Fredrickson, Tyna
Holden, Nathan
Boerboom, Sam
Rao, Aparna
Martinez, Mark
Hoffman, Jon
Quivers, Robin
Moore, Samuel
Cole, Erin
Stevens, Shannon
Cormany, Diane
Nadler, Anthony
Short, Eric
Bennett, Stephen
Trifonov, Svilen
Zhu, Min
Chen, Baoquan
Myers, Chad
Papanikolopoulos, Nikos
Heimdahl, Mats
Banerjee, Arindam
Mokbel, Mohamed
Troyer, John
Alvarez, Marisol
Butler, Justin
Fink, Ben
Simons, Andrew
Ko, Kate
Erdogan, Ayse
Simonovska, Ina
Ritter, Joe
Evrin, Alperen
Rahman, David
Sager, Erick
Vinyals-Mirabent, Xavier
Finley, Fred
Novak, Paige
Guzina, Bojan
Hunt, Ruskin
Hetherington, Chelsea
Bly, Peter
Levison, David
Jialiang, LE
Labuz, Joe
Gonella, Stefano
Detournay, Emmanuel
Schillinger, Dominik
Ancelet, Angela
Lechelt, Christine
Rarick, David
Maki, Laura
Todero, Tony
Burke, Kenneth
Anderson, Sky
Hayes, Heather
Morgan-Parmett, Helen
Rapp, Ali
Wight, Julie
Iacono, William
Mann, Traci
Cushman, Prisca
Caron, Wayne
Malmquist, Carl
Boyle, Elizabeth
Gowan, Teresa
Bian, Yanjie
Handeen, Daniel
Steyaert, John
Alstad, Donald
Lefebvre, Pete
Beil, Frank
Pleuss, Jessica
Sellew, Philip
Larsen, Nan
Calder, Simon
Barry, Phillip
Saad, Yousef
Interrante, Victoria
Liu, Donald
Kulacki, Francis
Schwartz, Dona
Seykora, Tony
Johnson, Kim
Paul, Nora
Stout, Graeme
Johnson, Tim
Watson, Anthony
Alexander, Jennifer
Cho, Hangtae
Corbett, John
Starr, Gary
Kakalios, James
Donahue, Gretchen
Hewes, Dean
Bizri, Hisham
Brooker, Robert
Rodgerson, Richard
Goldberg, Brian
Du, David
He, Tian
Isler, Ibrahim
Oosterhoff, Jenneke
Hadley, Matt
Barkan, Josh
Groening, Stephen
Tageldin, Shaden
Lovejoy, Alice
McGillicuddy, Brendan
Vayo, Isaac
Pazurek, Angelica
Waldron, Carrol
Labat, Karen
Yust, Becky
Ziebarth, Ann
Kehoe, Tim
Wiseman, Kevin
Ozdogan, Ayca
Luttmer, Erzo
Stark, Emily
Siebenbruner, Jess
Cuthbert, Bruce
Babcock, Ben
Campana, Kristie
Fisher, Emily
Perlman, Greg
Howland, Maryhope
Klaphake, Sara
Hulme-Lowe, Chris
Meredith, Liza
Grazioplene, Rachael
MacDonald, Angus
Wagner, Heather
Walker, Lovey
Fennelly, Katherine
Foster, Doug
White, Mike
Speaks, Charles
Shen, Xiaotong
Carrière, Damien
Lando, Harry
Lungerhausen, Mattew
Nagata, Mary Louise
Smit, Tim
Gehrke, Jules
Sveinn, Helgason
Cohen, Gary
Murphy, Kevin
Blackler, Adam
Vann Sprecher, Tiffany
Mason, Austin
Hacker, David
Quast, Louis
Levine, Amy
Reily, Ken
Ren, Yuquing (ching)
Xia, Weidong
Trupiano, Sue
Ullmann, John
Santana, Vanessa
Dean, Antony
Decker, Mark
Olson, Timothy
LI, Min
Pignolet, Lou
Robinson, Ruth
Ghebregzi, Alex Anthony
Nykamp, Duane
Cattell, Cynthia
Maurer, Steve
Lake, Elizabeth
Gao, Yu
Park, Rand
Jones, Susanne
Robertson, Doug
Lande-Schmeiser, Katherine
Miller, Roger
Bloch, Stefano
Poch, Robert
Cook, Christopher
Boubendir, Yassine
Smith, Bernard
Lam, Adrian
Abudayyeh, Saleh
Manlove, Erin
Hernandez, Daniel
Wang, Ying
Ben-Gal, Nitsan
Davey, Blair
Tamma, Kumar
Yang, Rusen
Shen, Lian
Bribitzer-Stull, Matthew
Gopinath, Sumanth
Savage, Wade
Bart, William
Yu, Alana
Shapiro, Devora
Warren, Karen
Hubbard, Kysa
Cooper, Gary
Arkolakis, Costas
Barnette, Justin
Phelan, Christopher
Everson, Michelle
Cory, Kris
Sheppard, Eric
Manson, Steve
Farley, Dana
Slavin, Joanne
Snyder, Ed
Wackman, Dan
Huh, Jisu
Brady, Miranda
O'Brien, Patrick
Morales, Flavio
Karvonen, Dan
Dradi Bower, Carlotta
Bray, Laura
Panagopoulos, Anastasia
Swartwood, Jason
Crone, Tom
Kim, Aaron
Schulz, Skylar
Kapusta, Joseph
Levitt, David
Cook, Mark
Kurle, James
Inal, Tuba
Parsneau, Kevin
Sarkissian, Ani
Boyer, Eric
Kang, Susan
Bartlett, David
Berman, Margit
Bartels, Roger
Konheim-Kalkstein, Yasmine
Masten, Ann
Kaler, Matthew Eric
Schmid, Christina
Litman, Brenda
Johnson, Bryce
Cole, Andrew
McQuinn, Kristen
Cohen, Yosef
Lanier, Lorene
Murphy, Sharon
Olander, Deb
Tiffin, Peter
Biesboer, David
Hanna, Kathryn
Bee, Mark
Strain, Anna
Laporte, David
Merica, Rebecca
Mehrotra, Mili
Natarajan, Karthik
McKenna, Dennis
Veglia, Gianluigi
Labuza, Ted
Wells, Peter
Rudnick, Lawerence
Hatch, Jay
McNeil, Kristoffer
LU, Connie
Gagliardi, Laura
Salmon, Janie
Rose, Jeremy
MacKey, Michael
Sheldon, Amy
Nordin, John P.
Janati, Jody
Elgin, Ceyhun
Durfee, Will
Sugnet, Charles
Krueger, Linda
Welke, Barbara
Reyerson, Kathryn L.
Brazeal, Donald
Walsh, Thomas
Orive-Abad, Begona
Adolph, Kenneth
Roon, Robert
Paulus, Eugenia
Srivastava, Jaideep
Ismail, Qadri
Ganguly, Keya
Abraham, Linus
Williams, Jennifer
Nelson, Elaine
Denkinger, Ben
Distefano, Mark
Douglas, Christopher
Imbertson, Paul
Mayes, Keith
Lower, Michael
Lipe, Jay
Mosher, Bryan
Diem, Tim
Stone, Paul
Karjanen, David
Golden, Gayle
Kaiser, Kent
Anderson, Mark
Walter, Ronald
McCallum, Thomas
Mattos, Marilena Silva
Siebert, Renee
Baker, Eric
Berge, Nels
Castro, Cristina
Galicia, Marisol
Currie, Scott
Waters, C. Kenneth
Broadhurst, John
Shively, Phil
Pearson, Kathryn
Klieger, David
Blackburn, David
Jahnke-Wegner, Joanne
Walker, Brett
Coplin, James
Qureshi, Basit Hammad
Lambright, Katir
Bradley, Cameron
Meyer, Mary
Anderson, Neil
Chaudhuri, Sanghamitra
Erickson, Gerald
Leder, Kevin
Carlson, John
Burtch, Gordon
Victoria, Douglas
Mentan, Tatah
Lauters, Amy
Blake, Stephanie
Hornseth, Gary
Kistle, Dave
Stern, Lauri
Steinhofer, Nicole
Bruin, Marilyn (Lyn)
Priest, Christopher
Gahring, Sherri
Choi, Dooyoung
Casto, Mary
Arends, Neil
Martin, Caren
Ott, Ron
Barbara, Martinson
Hadjiyanni, Tasoulla
Dunne, Lucy
Patel, Tina
Huelskamp, Richard
Calcote, Randy
Colonna, Fabrizio
Li, Jinxiong
Li, Yan
Zevi, Giordano
Suwantaradon, Ruanjai
McQuade, Martha
Hsieh, Lisa
Veldhouse, Kyle
Nevitt, Jennifer
Mattern, Andy
Momeni, Ali
Willow, Diane
Dean, Daniel
Dobbs, David Brian
Hirsch, Jessica
Prater, Erika
Kim, Minku
Dutta, Aniruddha
Isensee, Karl
Reichle, Joe
Wilmot, Carrie
Travisano, Michael
Flanders, Martha
Mikhaelian, Marina
Morrell, Peter
Pusey, Anne
Connett, John
Kinkel, Linda
Larson, Evan
Berman, Judith
Venette, Robert
Simon, Jeffrey
Gardner, Melissa
Talkachova, Alena
Lim, Hubert
Nieber, John
Van Houten, Jim
Olson, Patty
Sullivan, MacKenzie
Kruzic, Melody
Spicer, Aki
Holt, Sheryl
Beier, Fred
Bapna, Sofia
Hall, Linda
Mashek, Douglas
Koutouan, Herman
Samatar, Abdi Ismail
Squires, Rod
Blumenfeld, Kenneth
Hirschmann, Marc
Seidel, Bob
Nunnally, Patrick
Strother, Patrick
Yzer, Marco
Viedma, Pablo
Lopez, Emilce
Steinhagen, Ginny
Reiner, Vic
Baxter, John
Hoang, L.T.
Luckhardt, Jerry
Courant, Hans
Crowell, Paul
Kahl, Colin
Harrison, KC
Kahn, Don
Myers, Norman
Chatterjee, Ansu
McGehee, Richard
Spirn, Daniel
Hardy, Michael
Hewitt, Harlan
Kirchner, Nick
Kemajou, Isabelle
Akhmedov, Anar
He, Fei
Litchfield, Peter
Ganz, Eric
Carney-Anderson, Lisa
Hilbink, Lisa
Treier, Shawn
Vazquez-Arroyo, Antonio Y
Bunte, Jonas
Rewey, Kristin
Guest, John
Voronov, Alexander
Mohammed Ismail, Harris Ahmed
Vickers, Zata
Penn, Lee
Kudrowitz, Barry
Platt, Brennan
Kelso, Frank
Hesla, Todd
Treuer, David
Krug, Rebecca
Mrozowski, Daniel
Weisberg, 
St. George, Scott
Matsumoto, Katsumi
Ison, Chris
Stottlemyer, Janet
Shryack, Jessica
Klimes-Dougan, Bonnie
MacMillian, Ross
Abu Bakar, Raihan
Knutson, Susan
Lee, Amy
Wright, John
Semmens, 
Cooper, Terry
Duenes, Michael
Millikan, Jeffrey
Enzler, Sherry
Fabbri, Lorenzo
Bashore, Katie
Glazebrook, Jane
Phillips, Carla
Hakim, Carol
Hokanson, Stan
Gardner, Leroy
Umyarov, Akhmed
Park, Bongsoo
Stone, Ken
Nelson, Lynn
Felton, Mark
Caliendo, Charles
Monnier, Gilliane
Gleason, Florence
Papp, Oliver
Buchner, Tom
Pelton, Emily
Odash, Diane
Brennan, Eli
Walrath, Michael
Clarke, Kailin
Blake, Debra
Braun, Bruce
Weinhaus, Anthony
Falink, Amy
Thomas, Gary
Rash, John
Sullivan, Dan
Biltz, George
Dias, Dora
Graveline, Jeremy
Newhall, Justin
Diez-Gonzalez, Francisco
Fulk, Jonathan
Brown, Dwight
Von Dassow, Eva
Shackelford, Jole
Ashkenazi, Ofer
Garces, Marcela
Carlson-Lombardi, Angela
Jahn, Gary
Dima, Vlad
Yoon, Sang-Seok
Prasad, Ravi
Sahota, Guriqbal
Zanski, Patricia
Meyers-Levy, Joan
Bhan, Aditya
Sadlowsky, Roger
Jiang, Huiqiang
Pryke, Clement
Sachdev, Kanika
Ghergetta, Tony
Iaizzo, Paul
Schneider, Monica
Skonieczny, Amy
Linde, Robyn
Barnett, Michael
Pahnke, Anthony
Galdieri, Christopher
Koomen, Jonneke
Udani, Adriano
Goltz, Caleb
Parkinson, Sarah
Mitchell, Tania
Frederickson, Tina
Vrshek-Schallhorn, Suzanne
Schmidt, Nicole
Manor, Julia
Borneman, Matthew
Wygant, John
Rudaz, Serge
Mandic, Vuk
Fortson, Lucy
Lysak, Robert
Bloom, George
Kirshner, Orin
Flanigan, William H.
Weidenfeld, Matt
Fogelman, Edwin
Fang, Song Ying
Walsh, Dominique
Domingo, Aldwin
Burkhardt, Dwight
He, Sheng
McGue, Matt
Frankfurt, Sheila
Griffin, Tim
Wheelock, Darren
Kelly, Margaret
Kim, IL
Soderberg, Tom
Chung, Vinh
Stallkamp, Sarah
Pacl, Bryan
Peterson, Charles
Curtis, John
Olive, Keith
Prestegard, Tanner
Shukla, Gaurav
Brehmer, Steven
Keirstead, Susan
Gundogdu, Ayten
Cidam, Cid Em
Reiter, Yitzhak
Peterson, Jonathan
Hoffman, Mark
Cavanaugh, Patricia
Brooks, D. Christopher
Gonzalez, Anita
Verma, Mayank
Akkin, Taner
Alford, Patrick
McCullough, Brannon
Peddibhotla, Naren
Seltzer, Jon
Bartels, Christiane
Vaaler, Paul
Mann, Kent
Brown, Scott
Kolpin, Charlie
Allen, Jessica
Maratsos, Michael
Elieff, Chryle
Ahumada, Sandra
Johnson, Ann
Liu, Henry
Paola, Chris
Hamm, Jim
Friesen, Courtney
Nelson, Kyle
Baller, Jonathan
Mininger, J.D.
Cannavino, Thomas
Humbert, Kevin
Baroody, Michelle
Park, Juyeon
Chu, Sauman
Seabloom, Eric
Nosal, Jaromir
Yazici, Hakki
Samano, Daniel
Di Stefano, Enrica
Troshkin, Maxim P
Solis, Mario
Yuan, Jia
Adams, Brian
Dermott, Eric
De Mendivil, Cloe
Leyva Jimenez, Gustavo
Syvertsen, Amy
Desanto, Paula
Sutherland, Roy
Weiszhaar, Orville
Ajayi, Alex
Gaffney, John
Dwyer, Patrick
Briggs, Kathleen
Ekstrom, Pierce
Jacobs, Cindy
Crosby, Barbara
Higdon, Jude
Stone, Melissa
Friedemann-Sanchez, Greta
Johnson, Janna
Rybak, R.T.
Stenberg, Louise
Donofrio, Greg
Reineccius, Gary
Mou, Yiqun
Brewer, Daniel
Holm, Carsten
Fleming, Mandy
Ngong, Benjamin
Brasilero, Marcus
Skarsten, Roger
Vargas-Salgado, Carlos
St.Clair, Robert
Szatrowski, Polly
Michalk, Linda
Terui, Sachiko
Vang, Bee
Aylesworth, Rebecca
Burkhart, Ann
Feld, Barry
Carpenter, Dale
Houe, Paul
Islam, Mazhar
Singh, Gurneeta
Forbes, Daniel
Winston-Smith, Sheryl
Lukkas, Lynn
William Chamberlain, Ryan
Baldwin, Guy
Gutierrez, R.J.
Rosen , Renee 
Current, Dean
Baughman, Mel
Sivert, Eileen
Droske, Kate
Vozel, Francois
Dubois, Alexandre
Greenstein, David
Largaespada, David
Hackett, Perry
Hoffman, Tracy
Swobodzinski, Martin
Lang, Ursula
Anand, Nikhil 
Kindervater, Katharine
Dickey, John
Ennis, Jessica
Ruch, Gerry
Mendygral, Peter
Rudnick, Lawrence
Bartels, Dianne
Elliott, Bruce
Conner, Sean
Yuan, Jianling
Ghose, Geoffrey
Jarvis, Bruce
Barney, Brett
Lefay, Lisa
Wang, Lynn
Williams, Mary
Hendrickson, Eric
Liao, Dezhi
Borer, Elizabeth
Hebert, Sadie
Jackson , Maddy 
Craddock, Susan
Garvey, Michelle
Bagchi, Anindya
Munoz, Lorena
Bell, Jay
Seyfried, Bill
Oberlin, Adam
Rothe, Matthias
Sime, Deeann
Kost, Kiley
Kurzer, Mindy
Carmody, Karen
Noble, David
Brunelle, Gayle
Aloisio, Mark
Roubinek, Eric
Gallogly, Caitlin
Gallia, Andrew
Everett, Larry
McEnroe, Paul
McArthur, Jerie
Fuchs, Eric
Graff, Richard
Fitzpatrick, Stacy
Barrows, Julie
Chen, Leo
Al-Zoby, Mazher
Gill, Meredith
Tsounta, Erica
Sahi, Simran
Temple, Judy
Laster, Lori
Zieffler, Andrew
Higman, Ted
Harjani, Ramesh
Stadler, Beth
Moon, Jae
Sapiro, Guillermo
Mantell, Sue
Kim, Chris
Demuth, Scott
Gaddey, Roy
Cheng, Gang
Zita, Jacquelyn
Holt, Joseph
Nam, Jonathan
Finn, Matthew
Pope, Tom
Williams, Liliya
Nelson, Thomas
Zink, Robert
Sterner, Robert
Netoff, Theoden
Holschbach, Jesse
Gao, Jiali
Hoye, Thomas
Hinkle, Lindsay
Cole, Spencer
Ouellette, Laurie
Vayghan, Jamshid
Maitra, Ashok
Dillon, James
Lazar, Radu
Zion, Matt
Dorfmeister, Josef
Mori, Yoichiro
Ashkenazi, Rina
Moses, Jennifer
Morrissey, David
Kim, Jang Soo
Knoche, Randy
Lewis, Joel
Kortshagen, Uwe
Artymiw, Lydia
Hamm, 
Painter, Karen
Murdock, Gordon
Carey, Kris
Rodriguez, Tanya
Kortbein, Josh
Porter, Paul
Johnson, Sara
Johnson, Ronda
Siebert, Renee
Penny, Jonathan
Moon, Roger
Martinson, Krishona
Ganguly, Ritika
Beeman, William
Proctor, Daniel
Champe, John
Runge, C. Ford
King, Robert
Nefstead, Ward
Boland, Michael
Watson, Adrienne
Beutow, 
Dwyer, Steven
Amel, Eric
Johnson, Andrea
Tiberius, Valerie
Nounou, Antigone
Huang, CC
Karch, Andrew
Abery, Brian
Munson, Benjamin
Clark, Maureen
Swartz, Teresa Toguchi
Kuftinec, Sonja
Philippon, Daniel
Kimlinger, Matthew
Hahn, Edward
Zhang, Ivy
Forester, Clayton
McLean, Stuart
Gibbens, Brian
Shaw, Jocelyn
May, Georgiana
Shah, Rachna
Ellis, John
Stanislav, Andrea
Mullins, Colleen
Pauly, Mary Jo
Stewart, R. Justin
Sisson, Toby
Grafelman, Glenn
Moon, Roger
Peterson, Devin
Hassel, Craig
Nelson Laska, Melissa
Csallany, A.S.
Gallaher, Dan
Frelich, Lee
North, Eric
Panting, Elizabeh
Pribiag, Ioana
Mitchell, Lia
Stone, Shiloh
Serour, Amgad
Welmman, Sarah
McMaster, Susanna
Twine, Tracy
Neely, Abigail
Chang, I-Chun Catherine
Pfannkuch, Olaf
Listemaa, Jackie
Ruggles, Steven
Evans, Sarah
Leech, Donald
Lorenz-Meyer, Martin
Hart, Jim
Moerer, Andrea
Charleroy, Margaret
Faeth, Michael
Lorcin, Patricia
O''Brien, Jean Maria
Borrello, Mark
MacDonald, David
Gilman, Jeff
Ouren, Dallas
Gonzales, Marti
Yonas, Albert
Hooper, Amy
Davenport, Nick
Force, Rachel
Jiang, Yuhong
Goodman, William
Shinohara, Chika
Sasisekaran, Jayanthi
Jakovljevic, Branislav
Kobialka, Michal
Desai, Jigna
Kaminsky, Amy
Bruch Jr, Patrick Leonard
Collins, Molly
Ma, Paul
Raeth-Knight, Mary
Wilson, Michael
Bhatt, Ritu
Jara, Cynthia
Schaller, Robin
Collette, Larry
Swanton, Chris
Malen, Joel
Wang, Wen-Ya
Oehler, Sarah
Kaufmann, Jeffrey
Lodge, Timothy
Siepmann, Ilja
Crane, Daniel
Rubin, Bobbi
Shestov, Alexander
Herrera, Julio
Koefod, Scott
Tehranchi, Jacqui
Myers, Jason
Buhlmann, Phil
Mullins, Andrew
Rodriquez, Lori
Koenig, Melissa
York, Darrin
Clayton, Tom
Hansen, Kathleen
Mueller, Wayne
Tappen, Martha
Raheja, Gloria
Wynveen, Aaron
Anderson, Lisa Carney
Perkins-Harki, Angela
Revenaugh, Justin
Lipset, David
Jensen, Murray
Hart, John Fraser
Kensicki, Linda J.
Doyle, Kenneth
Pedelty, Mark
Tostevin, Gil
Wick, Susan
Goldstein, Stuart
Opitz, Andrew
Schneeweis, Adina
Brown, Cecily
Emmett, Keiko
Zhang, Kechun
Richter, Wayne
Koch, Gabe
Aaltola, Mika
Knoke, David
Bangs, Eric
Canepa, Matthew
Gehrz, Robert
Woodward, Chick
Kirkpatrick, Catherine
Maheswaran, Samuel
Gentry, Ronald
Stein, Andreas
Salmon, Debra
Smith, Stephen
Dorsey, Heather
De Villiers, Nicholas
Farmer, Edward
Norling, Lisa
Tazawa, Kenichi
Eckert, James
Gerteis, Joseph
Liebler, Carolyn
Abdi, Cawo
Satkowski, Leon
Hemmis, Pat
Rolleigh, Michael
Ketema, Yohannes
Aitken, Maureen
Lindquist, Malinda
Sarles, Harvey
Upton, Kevin
Cocos, Mihail
Weimerskirch, Mike
Noireaux, Vincent
Heger, Alexander
Ansell, Ben
Dasgupta, Deepanwita
Doyle, Tom
Rosaler, Joshua
Desai, Satish
Dietz, Mary
Phinney, Robin
Rahn, Wendy
Dahl, Adam
Sarbahi, Anoop
Stebleton, Mike
Thompson, Nate
Long, Jeff
King, Serena
Yoo, Brandon
Hertel, Andy
Song, Sue
Crick, Nicki
Wlaschin, Jhon
Miles, Amanda
Kuncel, Nathan
Venigoni, Mathew
Mirjana, Rhonda Marie
Hindemith, Paul
Tipton, Todd
Campbell, Colin
Campbell, Carey
Holter, Colin
Zawisza, Philip
Olson, Matthew
Zaro-Mullina, Wendy
John, Peter
Lipscomb, Scott
 Bertsch, Colleen
Bastemeyer, Devin
Swanson, Christine
Schrenkler, Jana
Goodyear, Steve
Wells, Martin
VU, Lisa
Arenz, Brett
YU, Hsiu-Ting
Gressman, Michele
Woodward, Charles
Roche, Erin
Esguerra, Manuel
Sadowsky, Michael
Ndosi, Rebekah
Kay, Keiran
Keiran Kay, Speirs
Winberg, Ross
Kane, Rahul
Peay, Kabir
Bloch, Sarah
Kotloski, Nicholas
Eilts, Alex
Marino, Susan
Mayo, Kevin
Quiram, Gina
Phillip, Regal
Sugita, Shinya
Bruce, Emily
WU, Marie
Dinerman, Diana
Paul, Andrew
Kim, Jay. Jee-Yeon
Contreras, Jazemine
Snyder, Lynn
Wilson, Elizabeth
Schmidt, Matt
Ray, Gautam
Chan, Jason
Benjaafar, Saif
Wang, Kevin
Jackson, Sarah
Thompson, Melissa
Liszt, Howard
Lefevre, Camille
Redfield, Jane
Burch, Laura
Christopher Ryan, Furness
Tennyson, Bob
McComas, Jennifer
Justice, Nicola
Oh, Sang-Hyun
Riedel, Marc
King, Higman
Kloiber, Steven
Susag, Paul
Mott, Henry
Rollinn, Mike
Alvarez, Ray
Rosenberg, Elizabeth
Frazier, Laurie
Fallon, Sheena
Johnson-McGarry, Elizabeth
Ostergaard, Josh
Hannah, Kate
Vanderhaar, Holly
Chen, Mary
Miller, Jennifer
Schott, Jeffrey
Bramson, Maury
Nimtz, August
Laden, Gregory
Moore, Randy
Palmer, Melissa
Hoptman, Ari
Zudov, Micheal
Krebs, Ronald
Tranter, Terry
Schottel, Janet
Mohr, Christian
Kass, Steven
Krevans, Nita
Molloy, John
Evans, Jon Karl
Schander, Raoul
Capriotti, John
Halley, Woods J
Asher, Catherine
Banerjee, Sanjay
Sheng, Jian
Altun, Murat
Piotrowski, Andrzej
Afanador Pujol, Angelica
Foreman, Rebecca
Mann, Shelly
Tilman, David
Gray, William
Kirkpatrick, David
Rougvie, Ann
Mahmoodi, Cyrus
Azavedo, 
Gangal, Urvashi
Bierbaum, Andrew
Causadias, Jose
Nappa, Christopher
Wilson, Kirt
Browne, Donald
Pate, Alex
Sampson, Martin
Stahl, Jason
Grodsky, Eric
Logan, Enid
Arnold, Todd
Scheman, Naomi
Batina, Tom
Ho, Karen
McNulty, Kieran
Van Duzer, Leslie
Marling, Karal Ann
Humphreys, Roberta
Phillips, Jane
Zellmer-Bruhn, Mary
Berlin, Andrea
Greene, Ron
Yew, Pen-Chung
Wetzel, Baylor
Miller, Dan
Benegas, Michelle
Lavecchia, Ornella
Dooghan, Daniel
Messing, William
Loch, Suzanne
Miller, Joanne
Lomonaco, Jeffrey
Roberts, Jason
Samuels, David
Collins, Kathleen
Valverde, Sergio
Purvanova, Radostina
Karatekin, Canan
Brothen, Thomas
Pappas, Christopher
Broadbent, Jefferey
Page, Josh
Ferrales, Gabrielle
Sirc, Geoff
Williams, Matthew
Reddy, Kristine
Abderrezak, Hakim
Klink, Katherine
Bialostosky, Ivan
Muaka, Angaluki
Katz, Stephen
Weitz, Eric
Chang, David
Allchin, Douglas
Marshall, Chris
Mathieu, Saje
Froiland, Paul
Faber, Ron
Stamm, Michael
Statt, Eric
Ramos-Garcia, Luis
Marran, Christine
Bradford, Adriana
Boardman, Sarah
Kenton, Monica
Wiesinger, Andrew
Johnson, Rania
Esparza, Rene
Wolf-Meyer, Matthew
Langford, Jean
Wolbert, Barbara
Monroe, Chris
Buetow, Steve
Dittmar, Gunter
Howarth, James
Conway, William
Kuhr, Alexis
Larson, Chris
Stack, Laura
Schwartzman, Robin
Marchetti, Anthony
Hernsberger, Erin
Stordahl, David
Morris, Susan
Zhang, Hong
Saxena, Akshya
Karban, Bryan
Townzen , Ryan
Yousi, Ma
Huang, Cheng-Cher
Vandenbosch, Kathryn
Steffenson, Brian
Marks, Peter
Jenkinson, Jamie L
Meyerhoff, Eli
Marchetti, Kathleen
Sorenson, Maron
Peter, Gary
Peuchold, Dawn
Hirai, Reiko
Greenwood, Gregory
Gross, Kimberly
Steele, Vaughn
Jung, Kyoung-Rae
John, Oxenham
Lee, Ji-Eun
Staats, Susan
Barton, Ariel
Nguyen, Hoaiminh
Mao, David
Hristova, Yulia
Hank, Robert
Skie, Duane
Dassbach, Paula
Wu, Chenyan
Li, Jing
Chmutov, Michael
McMurry, Peter H
Stelson, Kim
Lichtblau, Leonard
Sweet, Emilie
Mehaffey, Matthew
Flegel, James
Noonan, Noelle
Neal, Alicia
Higbee, Jeanne
Squires, Catherine
Lucast, Ellen
Cherbuliez, Juliette
Rojas-Sosa, Deyanira
Towle, Joe
Allen, Joseph R
Arenas, Fernando
Li, Chi-Ping
Calvo, Maria Antonia
Wang, Ling
Whitaker, Trina
Wooldridge, Sondes
Reese, Brian
Andrews, Albert
Junghare, Indira
McGrath, Jason
Martens, Scott
Bates, Frank
Frank, David
Miller, Ezra
Curilli, Christelle
Wormwood, Ellen
Zipes, Jack
Akehurst, Frank
Van Der Hoek, Michel
Fichtel, Lauren
Matos, Marilena
Jin, Stone
Jovanovic, Aleksandra
Chen, Jim
Gibson, Alicia
Stansbury, Deanna
Werner, Seth
Yavuz, Isil
Redden, Joseph
Wentzcovitch, Renata M.
Lim, Arthur
Gershenson, H.
Zhubr, Alexey
Jodeit, Max
Graalum, Eric
Nandy, Abhishek 
Brockman, Lance
Johnson, Kimi
Leffler, Elliot
Dilliard, Marcus
Chaves, Rachel
Bernstein, David
Amundsen, Craig
Vallandingham, Kelly
Crump, Helen
Wood, Eileen
Perkins, Maureen
Schultz, Kim
Rambow, Adam
Ward, Jeff
Butler, Isaac
Priske, Katie
Petrie, Guy
Harms, Keith
Driessen, Michelle
Holmes, Thomas
Briggs, Kate
Leopold, Ken
Brown, Robin
Kirkby, Kent
Heller, Ken
Adams, Scot
Samaha, Joel
Barany, George
Stellmack, Mark
Rejto, Peter
Cotner, Sehoya
Marshak, Marvin
Marden, Albert
Taton, Andrew
Dovolis, Chris
Diaconu, Adrian
Lekas, Michelle
Whitney, Donna
Rothenberger, James
Miller, Carol
Karras, Ruth
Manuel, Jeff
Soine, Aliah
Tyler May, Elaine
Julien, Doug
Becker, Matt
Ghere, David
Cothran, Boyd
Misa, Thomas
Steere-Williams, Jacob
Hill, Gabriel
Michaels, Tom
Laderman, Scott
Gaiter, Colette
Shaw, Sarah
Leighton, Gordon
Dong, Dong
Wilson, Scott
Pogan, Alexandru
Langlie, Richard
Gardner, Matt
Hogan, Chris
Harness, Kelley
Lubet, Alex
Amin, Minesh
Peterson, Sandra
Hanks, Peter
Lewis, Doug
Cronin-Hennessy, Daniel
Mohammad-Zadeh, Kati
Tronto, Joan
Pick, Herb
Marsolek, Chad J.
Gewirtz, Abigial
Pierce, Jennifer
Uggen, Christopher
Brightman Cox, Vania
Meier, Ann
Biondich, Nick
Gaudio, Michael
Scott, Cheryl
Harned, Andrew
Grypari, Ioanna
Barnes, Randal
Brewer, Rose
Nelson, Rick
Schroeter, Daniel
Trutor, Johnny
McNamara, Patrick
Lee, Mai Na
Loverude, Rhonda
Lewis, Seth
Liberman, Anatoly
Froeschl, Paul
Webb, Peter
Meyers, Norman
Yomba, Emmanual
Rambo, Mychael
Barber, Rytch
Winbush, Samara
Haas, Christina
Owens, Tammy
Hansen, Kit
McGrath, Megan
Bolis, Amy
Scheel, Arnd
Madia, Ashwin
Kirscht, Carrie
Khan, Mozaffar
Naples, Tammy
Dey, Ayesha
Madsen, Josh
Flaten, James
Mahesh, Krishnan
Sheaffer, Craig
Rausch, Amanda
Caven, Janet
Weiss, Raysh
Hokanson, Brad
Kaleem, Faisal
Chase, Tomas
Posbergh, Thomas
Coleman, Michael
Brown, Tony C.
Croll, Jillian
Ice, Chris
Harvey, Francis
Weil, Connie
Menard, Russell
Kliger, George
Moyer, Marilyn
Mazingo, Sherrie
Eighmey, John
Pakis, Val
Norrman, Lena
Watson, Peter
Sweet, Paige
Wiggins, Ben
Brasher, Stephen
Uptmor, Andrea
Virtue, Andrew
Welsh, Joshua
Larson, Brian
Scher, Victoria
Selz, Sarah
McCarthy, Katie
 Campbell, Ashley 
Ketner, Trevor
Eddens, Aaron
Merrow , Scott 
Holmes,thomas, Joseph
Huan, Eric
Stockenstrom, Goran
Beatty, Adam
De Noble, Jan
Loren, Erickson
Alec, Mike
Malloy, Brian
Franklin, Michael
Stout, Karen
Laleko, Oksana
Pierson, Zachery
Stark, Robert
Robert, Christina
Hueller, Patrick
Hengen, Nicolas
Van Ausdall, Mimi
Kinter, Priscilla
Tinsley, Omise'Eke Natasha
Marzoni, Andrew
Baltzer-Lovato, Jennifer
Marley, Julia
King, Jennifer
Guiney, Peggy
Rojas, Guillermo
Hemesath, Karla
Bellatti, Brad
Okagaki, Ron
Hoff, Gretchen
Vezys, Vaiva
Norrander, Jan
Finta, Mary
Magee, Pete
Armstrong, Sandra
Powell, Alexis
Christman, Shelly
Carolyn, Silflow
Kapuchiski, Anne
Gralnick, Jeff
Brudney, Lauren
Shaw, Ruth
Oetting, William
Forester, James
Seavey, Robert
Tai Yin Tze, William
Schmidt, David
Arling, Priscilla
Kramer, Jack
Zeibot, Alexander
Dean, Diana
Cooper, Frederick
Asher, Frederick
Davidson, Kris
Fox, Issac
Hutchendorf, Steven
Vellella, Robert
Gregg, Peter
Jones, Dennis
Akin, Nuray
Dolar, Veronika
Cai, Daolu
Singer, Ethan
Leger, James
Hubel, Allison
Garrick, Sean
Luke, David
Scheil, Andrew
Barajas, Heidi
Jankord, John
Retting, Kathryn
Gibson, Priscilla
Lurie, Jon
Bell, Joyce
Stryker, Robin
Stein, Alexandra
Massoglia, Mike
Shwartz, Theresa
Zhu, XI
Golden, Shannon
Ready, Carol
Villar, Susan
Hanneken, Jaime
Gordillo, Adriana
Salazar-Kleiner, Susan
Arozamena, Vanesa
Flaherty-Echeverria, Satty
Zhang, Xiaoxi
Phelps, Michelle
Arnold, Michael
Glaze, Leslie
Rolling, Craig
Zimmerman, Patrick
Qian, Wei
Bjornsdottir, Audbjorg
Zerdy, Joanne
Nash, Elizabeth
Raimist, Rachel
Logie, John
Franson, Sally
Webber, Nancy
Gutterman, Paul
Shroff, Pervin
Pierre-Louis, Barbara
Yuichiro, Onishi
Lamb, John
Shiva, Amirpouyan
Aaftaab, Naheed
Bradley , David 
Maday, Alice
Lee-Nichols, Mary
Trotter, Michelle
Carlson, Lavonne
Vavrus, Frances
Harkins, Arthur
Varma, Shashank
Franklin, Rhonda
Sartori, John
McClurg, Richard
Srienc, Friedrich
Marshall, Julian
Caretta, Raul
Mata, Clara
Richotte, Keith
Zuckerman, Jeff
Tolf, Francine
Sulit, Marie
Wallaert, Josh
Polacik, Peter
Moeckel, Richard
Rusin, Walter
Guo, Ren
Brokken, David
Fingerson, Patrick
Foo, Jasmine
Stinis, Panos
Lingjiong, Zhu
Klamecki, Barney
Khaled, Taqee
Lausevic, Mirjana
Margaret, Harris
Bix, Brian
Kihl, Lisa
Gherghetta, Tony
Grosberg, Alexander
Campbell, Charles
Gott, Katherine
Gingrich, Jane
Adams, Rachel
Prody, Jessica
Lamarre, Heather
Shada, Andrea
Prasch, Allison
Weissman, Jon
Tripathi, Anand
Meyer, Gary
Singh, Julietta
Haines, Christian
Saljoughi, Sara
Boyd-Brent, James
Schmeiser, Steve
Smith, Harlan
Batbold, Dulguun
Evdokimov, Piotr
Hur, Sewon
Peterson, Shari
Wollenberg, Bruce
Strykowski, Paul
Yoon, Henry
Landers, Richard
Kurivack, Amy
Borchert, Elizabeth
Kim, John
Stanek, Kevin
Althaus, Linde
Farah, 
Laine, Jame
Stackert, Jeffrey
Mendez, Mariana
Taylor, Marvin
Gross, Alan
Cotner, Jim
Bond, Daniel
McLoon, Steven
Holte, Diane
Weiner, Melissa
Huemann, Emily
Savelsberg, Joachim
Borgida, Eugene
Deyoung, Colin
Shlafer, Rebecca J
Meriwether, Dustin
Dickey, James
Jons, David
Jiang, Tiefeng
Almquist, Zack
Duke, Gordon
LaFave, Steven
Gebre Egziabher, Demoz
Coifman, Victoria
Solomonson, Kate
Saloojee, Ozayr
Agee, Brad
Bazaz, Abir
Woodward, Paul
Mayo, Kevin
Barnwell, Frank
Untiedt, Stephanie
Stephens, Dave
Opall, Brent
Miller, Philip
Tonks, Ian
Mazzocco, Michele
Willey, Andrew
Albert, Rosita
Weglarz, Kristine
Karypis, George
Kuang, Rui
Gildersleeve, Courtney
Hudecova, Eva
Feyissa, Solen
Saha, Suhas
Kandanchatha, Arun
Hellstrom, David
Kieffer, John
Hirsch, Gordon
Ahn, Karen
Griffiths, Amy
Weinsheimer, Joel
Warren, Henriette
Freeman, John
Kipfmueller, Kurt
Haines, Paul
Trites, Jill
Duvall, Raymond
Siliciano, Paul
Gray, Gary
Fine, Alan
Weum (Sawallisch), Lauren
Abernathy, Scott
Countryman, James
Lawrence, Geoffrey
Huchendorf, Steven Craig
Tolman, William
Southwell, Brian
Ruffa, Gregory
Conn, Jack Frederick
Mercer-Taylor, Peter
Goldman, Joseph
Gerberich, William
Ohara, Eoin
Ni, Wei Ming
Wang, Jiaping
Lawson, Tyler
Hopkins, Jasper
Hsu, Leon
Caraway, Teri
Skillman, Evan
Fall, Bruce
Livingston, Dennis
Laporte, David
Massari, Aaron
Carlis, John
Okediji, Tade
Jacobson, Scott
Daigre, Eric
Kamerbeek, Chris
Fischer, Kirsten
Roos, Steve
Baeumler, Christine
Pope, Rowan
Ostrow, Steven
Lee, Erika F.
Gibson, Susan
Katagiri, Fumiaki
Bardwell, Vivian
Walters, Kylie
Merriman, Peter
Shima, Naoko
Halverson, Joyce
Bowser, Micheal
Gittins, Peter
Frost, Nic
Jassen, Alex
Moore, Monica
Biebel, Brett
Bell, Shelby
Johnson, Thomas C.
Nelson, Stephen
Uffink, Jozef
Ellis, Paul
Duvernois, Micheal
Zahs, Kathy
Wilkins, David
Daniels, Debbie
Carden, Daniel
Alger, Dean
Vecera, Vincent
Kim, Hunjoon
Binay, Sema
Nikles, Chuck
Ones, Deniz
Oishi, Shige
Duehr, Emily
Amiri, Hedy
Kim, Anita
Grove, William
Olman, Cheryl
Pellow, David
Jones, Terry
Price, Michele
Naistat, David
Sachs, Jonathan
Pepper, Tom
Hyland, Ezra
Pentel, Paula
Wolfe, Thomas
Stavrou, Theofanis
Casale, Giancarlo
Forde, Kathy
Khalek, Hisham
Matsumoto, Fumiko
Marcotte, Jean-Philipe
Nash, Jennie
Soria, Krista
Peloso, Marco
Sera, Maria
Fillipi, Patricia
Apland, Jeff
Le, Thanh
Biner, Burhan
Allen, Beth
Sher, Itai
Williams, Kevin
Duras, Jan
Jamiyansuren, Bolormaa
Mohanty, Ruchika
Petty, Scott
Jalma, Katie
Delapp, Peggy
Starkey, Michael
Hilk, Caroline
Kaznessis, Yiannis
Tewfik, Ahmed
Gopinath, Anad
Tran, Nang
Garner, Shirley Nelson
Mueller, Alexander
Anderson, Wendy
Hsu, Wei
Kumar, Vipin
Nadathur, Gopalan
Chandra, Abhishek
Todorova, Miglena
Martinez, Richard
Urquhart, Alex
Crump, Jeff
St. Laurent, Yves
Delong, Marilyn
Seker, Murat
Buttet, Sebastien
Liu, Jia
He, Hui
Marcassa, Stefania
Stefanski, Radek
Mueller, Christoph
Vostroknutov, Alexander
Gurdal, Mehmet, Aka Yigit
Marble, Jonathan
Thompson, Anne
Abramov, Tamar
Newington, Veronica
Rutler, Tracy
Kawakami, Keiko
Hanson, Marit
Hong, Sungok
Fountain, Kenny
Maday, Sara
Molasky, Michael
Akdere, Mesut
Kuehni, Rose
Malkoc, Selin
Mukherji, Prokriti
Murray, John
Stoner, Jennifer
Huelman, Patrick
Morse, David
Pontiggia, Laura
Robinson, Julia
Swanson, Chuck
Cardenas, Juan
McDermott, Eric
Rabinowitz, Paula
Arendale, David
Pogatshnik, Mary
Shore, Marta
Benraouane, Sid
Stern, Marshall
Bartoli, Roberta
Anderson, John S.
Harle, Marissa
Robbins, William P
Moses, Joseph
Buturian, Linda
Hughes, Joseph
Bachrach, Bernard
Chang, Tsan-Kuo
Kirtley, Jane
Stout, James
Egbert, Shirley
Shields, Timothy
Issaevitch, Tom
Taussig, Karen-Sue
Syverson, Joann
Zhu, Xiao-Yang
Whited, Charlotte
Olson, Douglas
Campbell, Karlyn Kohrs
Knighton, Andrew
McKay, Neil
Casarino, Cesare
Meland, Carter
Parhi, Keshab
Prell, Riv-Ellen
Meyer, Cynthia
Mizuno, Hiromi
Schneiders, Robert
Skaria, Ajay
Zerby, Mike
Broeckert, Jerry
Leon, Arthur
Bhalla, Jennifer
Buysse, Jo Ann
Oosterhuis, Dave
Eiffler, Maria-Luisa
Wood, Naomi
Ferlito, Susanna
Wall-Romana, Christophe
Knutson, April
Leyang, Maxwell
Todokoro, Michiko
Younger, Judith
Haynes, Wade
Jehangir, Rashne R
Hydrie, Yelena
Van Etten, Julia
Leighton, Chris
Jalan, Bharat
Francois-Vozel, Nicolas
Poindexter, Samantha
Petocz, Jessica
Voytas, Dan
Holifield, Ryan
Annamarie, Kiaga
Meri, Emily
Kweka, Opportuna
McKay, Tyler
Buchanan, Megan
Bonsal, Dudley
Myrbo, Amy
McFadden, Rory
Teklay, Mengist
Derickson, Kate
O'Neill, Ryan
Engelshalt, Julia
David, Thomas
Masakure, Clement
McAlpin, Gordon
Anastasakis, Panteleymon
Phillips, William
Wagner, Michele
Pohlandt-McCormick, Helena
Markhart, Bud
Weiss, Maureen
Joslin, Isaac
Face, Tim
O'Connell, Joanna
Wakefield, Ray
Gonzalaz, Ramon
Benner, Mary
Shacham, Rachel
Keel, Marcus
Stefan, Despina
Boavida, Joao Pedro
O'Brien, Larry
Saraswat, Vishal
Benson, Joseph
Matheny, Daniel
Hillmyer, Marc
Cramer, Christopher
Gladfelter, Wayne
McNally, Sheila
Othmer, Bobbie
Boley, Daniel
Terveen, Loren
Zhai, Antonia
Rosebrook, Cheryl
Peter, Gary
Damon, Maria
Fitzgerald, Maria
Moberly, David
Legg, Thomas
Gidwani, Vinay
Jasper, Dan
Bauer, G. Eric
Chambers, Sarah
Matar, Nabil
Schwitzer, Gary
Kim, Oh Myo
Schissel, Ann
Puig, Jennifer
Lissek, Shmuel
Poppe, Andrew
Kling, Kristen
Allen, Jill
Doug, Dotts
Berkenkotter, Carol
Schuster, Mary
Egbert, Denise
Rueter, Martha
Albrecht, Lisa
Fisher, Colleen
Goldman, Michael
Park, Lisa
Arbino, Daniel
Soto-Rodriguez, Marisol
Eck, Daniel
Yan, Qi
Boswell, Paul
Haynes, Christy
Charlotte, Whited
Flannigan, David
Zelazo, Phil
Allen, Timothy
Keremidchieva, Zornitsa
Zukic, Naida
Marischelli, Chani
Charpentier, Jennifer
May, Matthew
Vavrus, Mary
Campbell, John
Wilson, Julie
Killian, Justin
Berg, Emily
Helwich, David
Weise, Lars
Hiland, Alexander
Shekhar, Shashi
Sungwon, Cho
Park, Jinhae
Mut, Murat
Gantner, Ryan
Rhoades, Brendan
Reiners, Mike
Flegal, James
Simpson, Delphene
Rondi, Luca
Barta, David
Stamate, Dumitru
Lee, Kuo-Jung
Foldes, Juraj
Striker, Jessica
Wei, Ning
Short, Barbara
Christensen, Melanie
Shao, Shaunglin
Skie, Anthony
Cesmelioglu, Aycil
Blank, David
Pierre, Valerie
Vanwyk, Eric
Kurokawa, Yoshinori
Sparrow, Ephraim
Haley, David
Krepps, Jerry
Fox, David
Kleinspehn, Karen
Sanders, Amy
Matos-Schulz, Frances
Schweikert, Maria
Beamish-Brown, Kristin
Brennan, Timothy
Rogness, Jon
Miller, Willard
Nichols, Capper
Baizerman, Mike
Edgell, Penny
MacMillan, Ian
Davis, Joan
Samuels, Jay
LI, MO
Kumar, Satish
French, Catherine
Campbell, Stephen
Hu, Wei-Shou
Li, Perry
Jacobson, Mike
Sobelman, Gerald
Simon, Terry
Shen, Wei
Augst, Thomas
Miner, Valerie
Shannon, Jerry
Polansky, Steven
Peterson, Becky
Bradford, Brian
Ketner, Elizabeth
Luckham, Andrew
Moore, Jennifer
Nettleton, Pamela
Rajkumar, Roshini
Mersey, Rachel
Jones, Martha
Cunningham, Greta
Reid, Victoria
Martin, Jolie
Watson, Brendan
Nagler, Rebekah
Warpeha, Joe
Brownlee, Eric
Shreffer, Megan
Aman, Josh
Nishikawa, Itsuko
Teefy, Elizabeth
Dregni, Eric
Preckshot, 
Jara, Rene
Stavrou, Soterios
Chapman, Jeffrey
Hill, Annie
Shuman, Bryan
Muehlenhaus, Ian
Seyfried, William
Janssen, Michel
Thomas, Mary
Johnson, Jennifer
Herzog, Earl
Martin, Peter
Polakiewicz, Leonard A.
Calas, Marina
Weiss, Friederike
Brenner, Elliot
JI, Liangyue
Aksan, Alptekin
Stoner, Ian
Gutt, Nathan
Barnett, Vincent
Luxon, Nancy
Haltinner, Kristin
Wozniak, Jesse
Ocampo, Francisco
Marrero Fente, Raul
Peace, Meghann
Strom, Megan
Lavoi, Nicole
Frederickson, Christina
Johns, Nicole
Bartolotta, Joe
Culver, Sara
Decker, Erica
Clarke, Kailin
Lee, Josephine
Howard, Thomas
Tadmor, Ellad
Walla, Albert
Brown, James
Walker, Jen
Kapusta, Karen
Stern, Shayla
Kamel, Amy
Cocchi, Cristina
Kahn, Peter
Craig, Siobohan
Seay, Steven
MacOsko, Chris
Sperber, Steve
Safonov, Mikhail
Wright, J. Doug
Chindris, Calin
Gulliver, Robert
Witt, Emily
Mathews, Heath
Fajardo, Kale
Root, Michael
Ruddick, Keith
Strolovitch, Dara
Sullivan, John
DeVore, Cynthia
Remke, Stacy
Wamsley, Deb
Docka, Danielle
Springer, Emily
Moen, Phyllis
Schendel, Isaac
Delehanty, Jack 
Selmini, Rossella
Carlson, Elizabeth
Hamilton, Michelle
Duprey, Jennifer
Rue, Kirsten
Dorow, Linda
Mc Callan, Thomas
Powell, Kristin
Pennington, Kate
Garce, Adolfo
Soma, Michael Blohm
Thomas, William
Archila, Felipe
Luo, Jiao
Hansen, Robert
MacKenzie, Lydia
Amaral, Nelson
Ward, Michael
Post, Benjamin
Calderer, Maria Carme
Hlusak, Steve
White, Dennis
Lehrman, Gilad
Chung, Carl
Sudderth, William
Wang, Chian-Jen
Tuzel, Hande
Lu, Fujin
Zhou, Wei
Pakzad, Reza
Jain, Naresh
Radcliffe, David
Konieczny, Pawel
Jarosz, Joanna
Reimers, Imke
Seliski, John
Steinberg, Joseph
Pouokam, Nathalie
Shapiro, Matthew
Chan, Mons
Gray Brown, Katy
Hendel, Darwin
Ziemann, Kevyn
Bedford, Chris
Galda, Lee
Berken, Celeste
Bequette, James
Savary, Kenneth
Asmundson, Aaron
Varma, Keisha
Seifert, Kathy
Mazumdar, Arya
Dhople, Sairaj
Siefert, Luverne
Gwinup, Martin
McNally, Andrew
Williams, Andrew
Vickman, Tom
Rayburn, Judy
Onishi, Yuichiro
Vintinner, Ishaa
Castellanos, Bianet
Butler, Pamela
Seykora, Anthony
Kirchhoff, Claire
Gudeman, Stephen
Gibbon, Guy
Ingham, John
Westbrook, Thomas
Swackhamer, Marc
Tapp, John
Shambroom, Paul
Pharis, Mark
Bischof, John
Drayton, Rhonda
Sun, Zongxuan
Brown, Michael Dennis
Hancher, Michael
Licht, Melissa
Sisneros, Katie
Becker, Dennis
Gupta, Shamlall
Vogel, Richard
Feinberg, David
Burpee, Jim
Henkel, James
Lewis, Brittany
Munholland, Kim
Maynes, Mary Jo
Kohlstedt, Sally
Tracey, James
Bashiri, Iraj
Isett, Christopher
Mawhiney, Heather M
Hoffman-Gonzales, Anne
Manzoni, Carla
Eaton, Lois
Houghton, Emily
Watts, Todd
Molstad, Aaron
Ding, Shanshan
WU, Meng-Hsuan
Kernahan, Peter
Henry, Mickey
Wagner, Matthew
Huddleston, Barrett
Palani, Malin
Horejsi, Brooke
Channer, Lisa
Allen, Ryan
Ward, Christie
Singh, Ashok
Barnum, Jill
Kim, Yongdae
Shapiro, Gabriel
Hill, Enoch
Bairoliya, Neha
Buggey, Joanne
Niranjay, Ravindran
Ruden, Paul
Jacobs, Heiko
Ramalingam, Subbiah
Kokkoli, Efie
Fosdick, Roger
Dumitrica, Traian
Bazargan, Kia
Mohan, Ned
Spuckler, Amanda
Lindberg, Adam
Blinn, Charlie
Magistad, Beth
Sher, Michael
Pederson, Glenn
Larkin, Chris
Trochmann, Lisa
Denoble, Jan
Bonine, Lelaine
Cihlar, James
Anderson, Dorothy
Nelson, Kristen
Snyder, Peter
Zuiker, Virginia
Bazdresch, Santiago
Morgan, Clarence
Gray, Lynn
Nakauchi, Asako
Noakes, Susan
Mougel, Patricia
Puotinen, Sara
Mathiason, Jessie
Leitner, Helga
Till, Karen
Clough, Nathan
Pitt, Dave
Oborn, Kelli
Hoffmann, Denise
Knuteson, Sven
Gudjonsson, Brynja
Herrlin, Susanne
Mulkern, Ann
Kautz, Beth
Ordonez, Fernando
Suarez, Silvia
Splettsoesser, Jari
Craig, Madaline
Ntelitheos, Dimitrios
O'Campo, Francisco
Bejarano, Luisa (maria)
Alvarez, Silvia
Hellin Garcia, Maria Jose
McDonough, Kelly
Bahl, Douglas
Mondejar Pont, Meritxell
Marcolino, Marcos
Schwengber, Renè
Dixit, Shiv
Zurowski, Brian 
Xu, Ming
Seashore, Karen
Ysseldyke, James
Stubblefield, Robin
Johansen, Barry
Hess, Dan
Miller, Charles
Anderson, Jeff
Blasen, Kristina
Knapp, Wendy
Soderlund, Mandi
Magnusson, Deanne
Hatten, Rachel
Bonebright, Dee
Kunkel, Amy
Clarkson, Lesa
Vats, Dootika
Graham, Melanie
Domke, Grant
Adams, Charles
Stoeckeler, Kristen
Grotting, Karla
Lowum, Susan
Skinner, Pam
Sreevatsan, Srinand
Sharkey, Leslie
Elm, Courtney
Yun, Benjamin
Huso, William
Cory, Anne
Lindbloom, Tor
Arrigo, Anthony
Doug Scott, Jensen
Zebuhr, Laura
Markman, Uran
Thomas Pollei, Kimberly
Cunnien, Keith
Iraheta, Ana Cecilia
Bajuniemi, Abby
Palma, Eva
Spadaccini, Nicholas
Sandell, Ross
Rivera, Marianela
Sanchez-Vargas, Adriana
Kennedy, Mary
Soroka, Matthew
Qiu, Peihua
Johnson, Alicia
Shea, Brian
Lendway, Lisa Marie
Knudson, Christina
YI, Feng
Wang, Boxiang
Helwig, Nate
Wang, Zizhuo
Schrag, Adam
Freeman, Emily
Watson, Cathryn
Gregg, Heather
El-Hai, Jack
Weinberg, Becky
Dixon, Thea
Pistelli, John
August, Emily Maude
McDonald, Julie
Kissileff, Beth
Edelson, Elizabeth
Cook, Thomas
Weisinhimer, Joel
Weinberg, Joe
Craig, Lindsey
Kim, Eun Joo
Majhor, Samantha
Kanyusik, William
Johnston, Kathleen
Alberti, Michael
Ryder, Kathleen
Howald, Blake
Trevathan, John
Gao, Nan
Mary, Hermes
Gerlach, Sharon
Lopez, Maria
Beek, Aaron
Neuman, Nichole
Campbell, Donald
Corley, Kathleen
Engman, Melissa
Hunter, Tim
Winters, Kelly
Bidwell, David
Misterek, Susan
Kim, Taekyu
Cooper, Diana
Choi, Yoonhee
Lederer, Sally
Shelton, Ashleigh
Kim, Sumi
Keiser, Eva
West, Arlene
Ball, Jennifer
Rim, Hyejoon
Osgood, Chad
Schmid, Michael
Barnett, Cara
Chiara, Paula
Crepon, Pascale
Khotsombath, Danny
Manzon-Omundson, Sandra Maria
Pilares, Nelly
Ketner, Jay
Teraoka, Arlene
Brewer, Maria
Uchida, Ayumi
Zmijewska - Emerson, Hanna
Braga, Sara
Scott, Mcconnell
Su, Jenny
Dionisio, Daphne
Frederick, Jon
McCarthy-Veach, Patricia
Paranova, Radostina
Nhouyvanisvong, Adisack
Hunt, Corrie
Cassidy, Adam
Zamboni, Brian
Winterheld, Heike
Bayevsky, Marianna
Bouchard, Thomas
Leroy Avila, Sophie
Von Minden, Shannon
Simpson, Jeffry
Weisberg, Yanna
Shen, Winny
Snyder, Mark
Hutcheson, Shannon
Hughes, Joe
Campion, Peter
Short, Eric
St. Lawrence, Robb
Trapp, Erin
Brennan, Laura
Lawrence, Robert 
Minahal, MA
Osterholm, Michael
Toner, Brandy
Mullins, Ian
Piescher, Kristy
Wright, Mike
LI, Jun
Jun, LI
Shen, Tao
Kline, Lisa
Connaughty, Sean
Adamsen, Del
Roettger, Mary E
Holdman, James
Keesecker, Noah
Geers, Doug
Albrecht, Amanda
Meza, Fernando
Prendergast, Jocelyn
Miller, Kris
O'Reilly, Sally
De Vol, Frank
Wyatt, Angela
Remenikova, Tanya
Oden, Wade
Schultz, Anna
Davis, Immanuel
John, Zarco
Owen, Christopher
Orosz, Jeremy
Ellis, Greg
Braginsky, Alexander
Komaniecki, Robert
Anderson, Steph
Patten, Andrew
Wilderson-Legros, Fawn
Nguyen, Hoa
Pittis, Nora
Chomsky, Carol
Whitney, Angie
Ha'Eri, Bobak
Schueler, David
Howe, Leanne
Garrett, Keli
Adekola, Abel
Seeley, William
Ahluwalia, Rohini
Xu, Linli
Frisbie, C. Daniel
Francis, Lorraine
Aydil, Eray
Olver, Peter John
Rusnak, Rae
Karpuzcu, Ulya
Ferguson, Roderick
Ferrand, Deborah
Henderson, George
Nicholson, Oliver
Feinstein, Stephen
Clark, Anna
Windel, Aaron
Gabaccia, Donna
Fiedler, Corrine
Thiel-Stern, Shayla
Chaouat, Bruno
Peterson, Jennifer
Bales, Kent
Walzer, Arthur
Adams, Carl
O'Hara, 
Geyer, Charles
Jiang, Dihua
Damschroder, David
Que, Lawrence
Schiappa, Edward
Wessels, Emanuelle
Riedl, John
Hopper, Nick
Janardan, Ravi
Challou, Daniel
Ganley, Kathleen
Doering, Aaron
Allen, Gale
Tranquillo, Robert
Elliott, Ryan
Dorfman, Kevin
Farber, Lianna
Messer-Davidow, Ellen
Strain, Kimberley
Griffin, Edward
Pawlowski, Lucia
Mendoza, Alexandra
Woldorsky, Rochelle
Tinerella, Paul
Caines, Karen
Marcy, Ben
Rohde, Michael
Hoffman, Mitch
Hiber, Matthew
Adamcsek, Viktor
White, Annie
Fries, Rainer
Gherghetta, Tony
Scheuerman, Bill
Leon, David
Federico, Christopher
Gimbel, Edward
Winham, Ilya
Detzner, Dan
Thomas, Katie
Pelligrini, Anthony
Overmier, Bruce
Frazier, Patricia
Ergun, Damla
Legge, Gordon
Perera, Sulani
Weaver, Jason
Klimes, Bonnie
Dimova, Jiva
Jones, Jeff
Wilson, Sylia
Myers, John
Jordan, Kelly
Lee, James
Fletcher, Charles
Becher-Ingwalson, Ann
Bermingham, Therese 
Engel, Steve
Classen, Julia
McFadden, Colin
Gunyou, John
Becker, Carol
Stafford, Jeff
Rouzer, Paul
Franco, Peter
Fuchs, James
Lehman, Clarence
Davis, Dana
Snustad, Peter
Simmons, Michael
Gibson, Sue
Birkland, Adib
Cikanek, Korinne
Mun, Jung Mee
Burand, Michael
Carlson, Stephanie
Corrow, Sherryse
Abe, Kahn
Lee, Mike
Neuman-Scott, Mark
Behme, Timothy
Baxter, Michael
Hammer, Carl
Lachance, Daniel
Burgess, Matthew
Ogden, Mitch
Johnson, Emily
Schumacher, Dana
Hussain, Amir
Sprengnether, Madelon
Beam, Myrl
Scroggs, Laura
Costello, John
Legault, David
Petersen, Kate
McNeff, Heather J.
Dalzell, Brent
Ferrington Jr., Leonard
Atkins, Keletso
Levchenko, Polina
Sherman, Michelle
Larson, Matthew
Jalal, Abu
Alekseenko, Alexander
Zeitouni, Ofer
Konopliv, Nicholas
Nelson, Peggy
Stanton, Dennis
Gray, Lawrence
Bao, Shiting
Sayas, Francisco
Rosenfield, Ben
Zhu, KE
Musiker, Gregg
Faye, Gregory
Qiu, Lingyun
Corrigan, Tom
Schiff, Leslie
Kirchhoff, Craig
Romey, Kathy
Mazzola, Guerino
Gunderson, Keith
Cook, Roy
Rentmeester Disher, Jill
Walsh, Patrick
Gilmore, Nicole
Bezener, Martin
Nandy, Abishek
Kuzmak, Barbara
Doss, Charles
Lefebvre, Mathew
Bey, Russel
Brandzel, Amy
Kunzel, Regina
Murphy, Ryan P.
Russill, Chris
De Noble, Jan
Barker, Fedrick (keith)
Pason, Amy
Holdsworth, Janet
Nekrasov, Alexander
Carter, Gary
Wilensky, Alan
Shah, Pri
Sturm, Chelsie
Gad, Sarah
Rashidian, Mohammad
Bueno, Marianne
Herrera, Toni
Voller, Vaughan
LaPara, Timothy
Beck, Timothy
Burrows, Don
Gunn, Joshua
Klatt, Colleen
Parliament, Claudia
Koerner, Ascan
Fischer, Mia
Rodman, Gilbert
Naumaan, Ahmed
Schuler, William
Schrater, Paul
Roumeliotis, Stergios
McCarthy, Steven
Wu, Juan
Marshall, Kerianne
Reiley, Kathryn
Vanagaite, Egle
Hsieh, Lisa
Jones, Daniel
Bailey, Jake
Barker, Frederick
Snell-Rood, Emilie
Finlay, Jacques
Chatterjee, Partha
Miller, Joshua
Eren, Nevzat
Lepetyuk, Vadym
Inal, Hakan
Leung, Man Lee
Dalton, John
Turkay, Evsen
Tuzova, Yelena
Grier-Reed, Tabitha
Burwell, Scott
O'Sullivan, Dan
Meisel, Robert
Whetstone, Sarah
Siemsen, Enno
Lewis, Megan
Brinda, Mark
Isaacson, Richard
Katz, Judith
McCulloch, Stephen
Schneider-Mayerson, Matthew
Hauff, Laura
Miller, Nancy
Iannacone, Rachel
Couch, Brett
Brambl, Robert
Mosser, Anna
Dara, Syed
Woods, Heather
Kerr, Betsy Jean
Ianeva-Lockney, Arsena
Hodne, Barbara
Roth-Reinhardt, Anne
Seifeldin, Ashraf
Albert, Stuart
Smith, Sandra
Mkhoyan, Andre
Carter, Jamylle
Chen, Ming (robin)
Steen, Beth
Stanley, Terrence
Hong, Jiarong
Kowalewski, Timothy
Moore, Sanford
Bolte, Mia
Love, Alan
Pepin, Robert
Mueller, Joachim
Lippmann, Brad
Warren, Rob
Zielinski, Shawna
Duranczyk, Irene
Price, Brad
Daddario, William
Haring, Justin
Williams, Yolanda
Smith, Kevin
Hathaway, Marcia
Wheaton, Johnathan
Bianco, Sara
May, Lary
Riviere, Melisa
Penn, Mischa
Hayes, Katherine
Edminster, Avigdor
Huang, Qiuqiong
Anderson, Lee
Yamada, Tetsuya
Marshall, Jennifer
Lawton, Debra
Gardner, Jolynn
Kjolhaug, Jerri
Earthman, Carrie
Wiesner, Stephen
Golberstein, Ezra 
Virnig, Beth
Robertson, Andrea
Byrnes, Meghan
Phelps, Nicole
Helgason, Magnus Sveinn
Dao, Yang
Richtmyer, Eric
Madden, Mollie
Tochterman, Brian
Pekel, Bryan
Rook-Koepsel, Emily
Dubrow, Gail
Schumacher, Leslie
Bivans, Steve
Lan, Kai-Wen
Codenotti, Paolo
Mayboroda, Svitlana
Finnegan, Tim
Tun, Molly
Switala, Nick
Pettis, Christy
Robertson, Douglas
Logan, Kimberly
Heberlein, Joachim
Salapaka, Murti
Gundacker, Rosemary
Cui, Tianhong
Pui, David
Bruggeman, Peter
Sand, Yashovardhan
Minenko, Anne
Lawson, Karen
Luepker, Russell
Fink, Ryan
Brea, Montgomery
Leising, James
Ehlke, Nancy
Ault, Elizabeth
Donker, John
Hunstiger, Matthew
Phillips, Lore
Kaiser, Sara
McKay, Ramah
Fang, Jing
Espinoza, Giovann
Johnson, Jeremy
Blom, Andrew
Zefeldt, Mathew
Werner, Jeff
Ray, Sugata
Pujol, Angelica J Afanador
Ye, Twiggy
Kim, Mingku
John, Joya
Grimm, Stephanie
Peng, Xiaoxia
Chen, Wen
Henderson, Rachel
Ghosh, Shankar
Longmire, Ellen
Bérénice, Mettler
Githire, Njeri
Greiman, Bradly
Moery, Vance
Wheeler, Dan
Albers, Patricia
Gerlach, Luther
Chisolm, Linda
O'Leary, Heather
Garrett, Niki
Peterson, Glen
Hudson, Nick
Porycky, Anna
Springer, Mary
McKernan, Stuart
Kuske, Rachel
Turc, Catalin
Arnold, Douglas N.
Jones, Galin
Doh, Hyun
Lindaman, Brian
Zhian, Wang
Guo, Xiaoqin
HO, Chung
I-Ho, Chung
Ghazi, Ahmad
Nie, Xiaolan
Othmer, Hans
Fisher, Alex
Yao, Lingxing
Andersen, Heidi
Ahamed, Harris
Zhu, Lingjiong
Kandola, Shelley
Damshorder, David
Boyd, James
Bleser, Serieyssol
Rechitsky, Raphi
Moran, Bill
Driessan, Michelle
Taylor, Charles
Gengenbach, Heide
Zubel, Maria
Ringdahl, Debbie
Brauer, Donna
Pittenger, Amy
Hadidi, Niloufar 
Park, Rosemarie
Campbell, Anne 
Koutlas, Ioannis
Woods, Jack
Wolston, Maran
Calasso, Michael
Zhao, Yang
Konstan, Joseph
Porcaro, David
Guy, Stephen
Messer, Cynthia
Tompkins, Joseph
August, Timothy
Graeme, Stout
Mowitt, John
Midkiff, Emily
McGill, Chuck
Cooke, Betty
Levy, Sara
Byrn, Katherine
Beach, Rick
Brendler, Beth
Hribar, Amy
Bllington, Barb
Houck, Bonnie
Peterson, Julie
Daly, Mary Catherine
Auyoung, Elaine
Sol, Yon Ji
Lawless, Annemarie
Knittel, Janna
Flack, Christopher
Kaiser, Eden
Kim, Yoo-suk
Landwehr, Thomas
Eck, Allen
Hill, Jason
Wheeler, Daniel
Gupta, Satish
St. Clair, Darlene
Yngvesson, Dag
Obsatz, Kevin
Hogan, Jan
McCutcheon, Barbara
Osipov, Daniil
Ruffino, Doriana
Khan, Aamir
Mather, Darren
Krausch, Meg
Cox, Vania
Jollymore, Annie
Mallik, Abhirup
McCallan, Thomas
Mujica-Dominguez, Maru
De Sousa Ramos, Isabel
Nezirevic, Erma
Menaldi, Veronica
Bartolomei, Fernanda
Deruiter, Mark
Lee, Seungbum
Levine, Jeffrey
Ellison, Scott
Yoo, Jinhee
Hillestad, Derek
Houser, Cindy
Nan, Ying
Johnson, Leif
Darst, Lightsey
Smith, Dave
Smith, David
Ek, Alan
Da Silva, Laurine Charlette
Murthy, Pashima
Linck, Richard
Starr, Timothy
Nicholas, Jordan
Berland, Adam
Heinle, Ben
Hudleston, Peter
Firchow, Evelyn
Gaikwad, Namrata
Huff, Richelle
Grossman, Elizabeth
Jaimie, Stephenson
Lund, Marie
Bender, Tovah
Ragnow, Marguerite
Schenone, Carla
Kojanov, Igor
Wang, Tracy
Yu, Jianfeng
Belo, Frederico
Ward, Colin
Hoard, Curtis
Schrom, Jes
Ostapchuk, Mark
Stoyanova, Lora
Peterson, Lamar
Newman, Raymond
Montgomery, Rebecca
Franklin-Brown, Mary
Bliss, Greta
Bates, Severine
Panting, Elizabeth
Marahrens, York
Vandrasek, Barb
Baker, Ruth
Lewis, Beth
Allison, Rayla
Maples, Alyssa
Moussa, Faye
Baumann, Erik
Robinson, Peter
Scott, Meg
Grunnet, Erika
How, Alexis
Weissberger, Barbara
Rutyna, Marie
Schmidt, Markus
Mills, Maria
Klee, Carol
Kerekretyova, Danka
Leek, Tom
Gilbert, Brett
Dierker, Beth
Weis, Andy
Paugam, Guillaume
Elison, Jed
Foufoula, Efi
Schlauch, Robert
Hayden, Alexander
Lechowhich, Sarah
Sathyanarayana, Aarti
Gay, Greggory
Trivedi, Nishad
Bistech, Cuochin
Zubel, Marla
Chen, Bodong
Covert, Louise
King, Kendall
Bllington, Barbare
Gentzler, Yvonne
Hozmvapuewhfboqhvzr, Dzrmaray
Blue, Christine
Lutz, Hazel
Lemire, Roxanne
Asojo, Abi
He, Qie
Miller, Lisa
Meyer, Georg
Bapna, Ravi
Weitz, Carol
Kokmen, Leyla
Hill, Gary
Shin, Wonsun
Manning, Meagan
Moorhouse, Bruce
Moyer, Keith
Jensen, Sean
Danielson, Matt
Campisi, Charles
Russell, Keith
Peart, Sue Lynn
Feldman, Harvey
Russell, Hayley
Magnuson, Connie
Maturi, Joel
Aguilar, Lore James Ramos
Chen, Guihong
Golyaev, Konstantin
Carlin, Carolin
Klima, Grzegorz
Szabo, Andrea
Fogli, Alessandra
Turner, Sherri
Theodore, Lewis
Swinburne Romine, Russell
Whittaker, Nate
Isaak, Rebekah
Luo, Tom
Sapatnekar, Sachin
Scriven, Skip
Hajjar, Jerome
Derby, Jefferey
Tsapatsis, Michael
Jovanovic, Mihailo
Bridwell-Bowels, Lillian
Sidiropoulos, Nikolaos
Mohajerzefreh, Soheil
Koester, Steven
Davidson, Jane
Giannakis, 
Kaltved, Darren
Hanson, Donald
Ernie, Douglas
Monson, Robert
Sainati, Robert A
Helt, Brenda
Williams, Andria
Healey, Steve
Roach, Tom
Musha, Julia
Cohen, Sara
Anderson, Daniel
Gustafson, Tim
Curtright, Lauren
Bright, Emily
Fukushima, Rhoda
Langteau, Rita
Kucharski, Matt
Landa, Amy
Suzuki, Yoshikazu
Depue, Jacob
Anderson, Gerald
Hong, Yejin
Larson, Bob
McKenzie, Sarah
Gore, Daniel
Popkova, Anna
Bianco, Anthony
DePass, Dee 
Wehrenberg, Stephen
Ross, Stephen
Popp, Kristy
Novotny, Susan
Kipp, Lindsay
Winges, Jim
Nguyen, Ruby
Cross, Sharon
Goering, Mary
Kemnitz, Christopher
Gaugler, Joseph
Heineman, Colby
Fitzgerald-Sisk, Meg
Ilea, Ramona
Bipes, Theresa
Frye, Adam
Shingles, Kori
Medina, Jaime
Gasior, Lisa
Sanny, John
Tekmen, Mohac
Valls, Oriol
Ghanbeigi, Kimia
Border, Pete
Mast, Nicholas
Hintz, Norton
Jacobs, Fred
Jiang, XU
YU, Gao
Vellela, Rob
GU, Zhaoyang
Dey, Aiyesha
Iselin, Michael
Henry, Bill
Johnson, Jack
Bliss, Adam
James, Richard
Coletti, Filippo
Van Lengerich, Henrik
Wanyama, Mzenga
Coleman, Taiyon
Durgan, Beverly
Simmons, Steve
Cardwell, Vernon
Swiggum, Jim
Mauro, Laura
PU, Xiumei
Mueller, Mike
Wiatrek-Ullenkott, Mary Jo
Baron, Rob
Kaplan, Matthew
Patterson, Tad
Fitzpatrick, Renata
Carlson, Erik
Schuster, Mary
Oleksiak, Timothy
Lindgren, Chris
Squires, Jeffrey
Rasmussen , Anna
Mackey, Elizabeth 
Dai, Xin
Carlson, Stephan
Helm, Charles
Antcil, Regina
Gray, John
Anctil, Regina
Maranzana, Stefano
Martin Estudillo, Luis
Raley, Sean
Pasternak, James
Colak, Zuleyha
Van Duym, Suzanne
Sarmiento, Angela
Gundel, Jeanette
Zagar, Monika
Washburn, Kevin
Gundel, Jeanette
Fahrenholtz, Steven
Anant, Mishra
Zefeldien, Ashraf
Jennifer Lisa, Williams
John, George
Abu, Yasir
Vohs, Kathleen
Mittal, Chiraag
Torelli, Carlos
Liu, Gang
Kittelson, David
Van De Ven, James
Selleck, Preston
Tuite, Paul
Moon, Jean
Spector, Logan
Dayton, Vanessa
Wengler, Michael
McKinley, Elliott
Van, Jeffrey
Skaar, Kathrina
Ashworth, Thomas
Schneider, Mary
Taylor, Rachel
Fishman, Loren Boris
Yarison, Ishaya
Lake, Brendan
Gabriela, Currie
Bae, Kate Yeonjoo
Olivero-Agney, Anna
Kumar, Elakshi
Cacchiotti, Brian
Adams, John
Kayzar, Brenda
Cadieux, Kirsten Valentine
Lindeke, William
Teyssier, Christian
Ito, Emi
Feinberg, Joshua
Green, George
Child, Brenda
Deutsch, Tracey
Gunn, Jennifer
Wang, Liping
Dresser, Todd
Hoover, Emily
Leppert, Richard
Dicken-Garcia, Hazel
Therkelsen, Dave
Leyesmayer, Archibald
Almas, Lamiya
Crain, Pat
Sievers, John
Lorsung, Eireann
Balizet, Ariane
Fields, Amanda
Fuller, Philip
Yamaguchi, Ryo
Murray, Gregg
Qualey, Marcia Lynx
Jaksa, Steve
Cucullu, Lois
Wright, Michelle
Lunning, Lydia
Tortorello, Michael
Burdine, Wes
Kim, Na-Rae
Phillips, Michael
Yoon, Bomi
Sumera, Matthew
Limpscomb, Scott
McShee, Paul
Chan, Katherine 
Marrin, Annie
Vitulli, Eli
Rahaim, Matthew
Bhattarai, Sristi
Delaney, Connie
Robertson, Cheryl
Looman, Wendy
Frisvold,, Melissa
Fjone, Andra
Steffes, Mary
Kirk, Laura
Leland, Pamela
Taylor Jr., Leonard
Moffatt, Barton
Hawthorne, Susan
Dahl, Norman
Fry, Elizabeth
Krishnaswami, Hariharan
Georgiou, Tryphon
Abogassem, Mahmoodi
Odde, David
Kiehl, Richard
Behrens, Alison
Stranik, Tessa
Rangarajan, Bharath
Wilson, Bruce
Hammer, Jeff
Cohen, Philip
Chapman, John
Dahl, Scott
Simha, Narendra
Venstrom, Luke
Anderson, Mike
Engel, Sabine
Howell, Christine
Sullivan, Peter
Atesagaoglu, Erem
El Amin, Mahmoud
Orman, Cuneyt
Kuzubas, Tolga
Li, Ka Fai
Cicek, Deniz
UY, Timothy
Barha, Jarha
Longwell, Thomas
Longwell, Tom
Guo, Vivian
Hou, Yenan
Kim, Kyoo
Smith, Adam
Triece, Andrew
Miller, Keaton
Blankers, Randall
Noyce, Doctor
Parker, John
Ma, Shihui
Davis, Peter
Ruf, Helena
Sailler, Christina
Harwood, Eileen
Aldrich, Natalie
Maldonado, George
Alexander, Bruce
Telke, Susan
Debe, Demitri
Osborne, Troy
Horan, Caley
Tone-Pah-Hote, Jenny
Morera, Luis
Patters, N'Jai-An
Eyler, John
Martino, Gina
Van De Voorde, Kathleen
Young, Franz
De Georgeo, Michael
Boantza, Victor
Mehotra, Mili
Frear, Kate
Flanders, Donald
Mann, Kevin
Hanson, Matthew
Seki, Hajime
Calder, Steve
Healy, Andrew
Dressen, Michelle
Fox, Laura
Carr, Peter
Frost, Nicholas
Reineke, Theresa
Rodriguez, Randy
Oriña, Minda
NG, Rowena
Esposito, Elisa
Ballarini, Roberto
Lemer, Cherie
Hill, Kimberly
Belfiore, Elizabeth
Wilcox, Amanda
Gassman, Mattias
Hornbeck, Cynthia
Cullick, Rachael
Seaberg, Ryan
Kagawa, Naomi
Blake, Dianne
Thomas, Milt
Jacobi, Laura
Schafer, Randall C.
Summers, Debora
Lechowich, Sarah
Tiffe, Raechel
Tofteland, Rachel
Pedelty, Mark
Swenson, Rebecca
Kareti, Srikumar
Prince, Christopher
Feldman, Daniel
Yu, Lingtao
Kuklin, Maxim
McDonald, Kevin
Bendle, Neil
Marinovich, John
Jordan, Michael
Norris, David J.
Azarin, Samira
Brezhneva, Olga
Weng, 
Wihler, Thomas
Wu, Ke
Maden, Al
Jia, Ning
Padron, Victor
Su, Linlin
De Andrade, Bernardo
Thur, Lois
Manrodt, Jennie
Yang, Fan
Wheeler, James
Ultan, Rosyle
Gaspar, Jason
Bussey, Margaret
Marty, Paula
Luckeroth, Korla
Paul, Steve
LaRotonda, Jessica
Overturf, Edie
Rose, Tom
Fullerton, Teri
Chanchani, Natchiket
Latif, Riyaz
Truitt, Andrea
Posadas, Baryon
Kanjilal, Sucheta
Pradt, Sarah
Jin, Jie-Ming
Han, Tao
Durham-Shapiro, Emily
Knight, Joe
Ruiz, Jason
Mendoza, Louis
Aguilar, Rodolfo
Rosenblatt, Paul
Powell, Sharon
Solheim, Catherine
Reik, John
Bohls, Margaret
Hallman, Gary
Charlesworth, Bruce
Chamberlain, Ryan
Talamantes, Maria
Sugnet, Anne
D'Amato, Anthony
Treacy, Corbin
Ngilla, Sylvie
Carter, Angela
Lindberg, Mark
Edsall, Rob
Patrick, Amy
Nyssa, Zoe
Koemn, Lynda
Van Norman, Maggie
Southern, Peter
Bresnahan, Wade
Cheng, Xiang
Willoughby, Brian
Matthews, Dave
Vang, Pa Der
Long, Anne
Witt, Jennifer
Hill, Rachelle
Allen, Gina
Hartmann, Douglas
de la Fuente, Monica
Hernandez, Stephanie
Rodriguez, Emilena
Pinilla-Herrera, Angela
Goldfine, Daniela
Fisher, Scott D
Bradley, Katheryn
McComas, Cindy
Smith, Timothy
Nerney, Mary Ellen
Susan, Goldstein
Novak, Rocky
Sapienza, Harry
Bielensky, Anjela
Yang, KE
Musch, Amanda
Niasta, David
Leopald, Doreen
Otte, Sadie
Cramer, Chris
Pomerantz, William
Arora, Aakash
Brown, Amber
Loman, Michelle
Harms, Madeline
Currier, Jonathan
Whitehouse, Tyler
Maxwell, Molly
Yu, Hao
Rendahl, Aaron
Rojoto, Peter
Widiasih, Esther
Liu, Wei
Roberts, Joel
Hinow, Peter
Wu, Weiwei
Springfield, Anne
LI, Yongfeng
Feng, Hao
BU, Fanbin
Poling, Bryan
Schmitz, Rebecca
Soo Kim, Jang
Bright, Jered
Brown, Matthew
Gbolo, Simone
Perg, Lesley
Yuen, David
Moe, Annika
Pinner, Israel
Bajari, Pat
Werner, Jan
Choi, Jin
Roberts, Will
Waldfogel, Joel
Garcia-Cabo , Joaquin
Birinci, Serdar
Ernest, Davenport
Bigalou, Martha
Mauren, Gabrielle
Pederson, Bjorn
Avery, Patricia
Yeh, Stuart
OH, Jeong Rok
Kovacs-Bahl, Susan
Legan, Bruce
Lee, John
Arndt, Marcel
Liao, Hstau
Zou, Hui
Glliver, Robert
Lewicka, Marta
Bringmann, Kathrin
Raoofi, Mohammed
Resman, Jayna
Feschbach, Mark
Acosta, Javier
Fristedt, Bert
Negaard, Shannon R.
Pylyavskyy, Pavlo
Karlsson, Jonas
Mitsotakis, Dimitrios
Odlyzko, Andrew
Franklin, Judith
Stanely, Terrence
Hackel, Benjamin
Bury, Jena
Siebert, Elizabeth
Siebert, Renee
Amarapurkar, Sayali
Trombley, Holly
Craveiro, Michelle
Van Slyke, Victoria
Umbreit, Mark
Laliberte, Traci
Zuel, Tim
Morris, Erich
Shannon, Patricia
Gwinn, John 
Pandez, Sadie
Shchukin, Yakov
Kozak, Aysegul
Lieblar, Carol
Wick, Shawn
Strano, Andria
Solheim, William
Wang, Chun
Shaikh, Ansam
Scherschel, Heather
Fan, Yingling
Schively Slotterback, Carissa
Edelheit, Joseph
Iskariot, Judas
Ahearne-Kroll, Pat
Ahearn-Kroll, Patricia
Stuart, Bernard
Northwick, Jennifer
Nater, Ed
Hagens, Nate
 Van Oort,  Madison 
Bradshaw, Bill
Aristia, Lisa
Keen, Juliana
Edleson, Jeffrey
Hollister, David
